{"D:\\Codes\\PI I\\ProjetoIntegradorBack\\app\\utils\\cpf.util.js": {"path":"D:\\Codes\\PI I\\ProjetoIntegradorBack\\app\\utils\\cpf.util.js","all":false,"statementMap":{"0":{"start":{"line":1,"column":0},"end":{"line":1,"column":28}},"1":{"start":{"line":2,"column":0},"end":{"line":2,"column":14}},"2":{"start":{"line":3,"column":0},"end":{"line":3,"column":14}},"3":{"start":{"line":4,"column":0},"end":{"line":4,"column":0}},"4":{"start":{"line":5,"column":0},"end":{"line":5,"column":81}},"5":{"start":{"line":6,"column":0},"end":{"line":6,"column":0}},"6":{"start":{"line":7,"column":0},"end":{"line":7,"column":25}},"7":{"start":{"line":8,"column":0},"end":{"line":8,"column":73}},"8":{"start":{"line":9,"column":0},"end":{"line":9,"column":2}},"9":{"start":{"line":10,"column":0},"end":{"line":10,"column":0}},"10":{"start":{"line":11,"column":0},"end":{"line":11,"column":22}},"11":{"start":{"line":12,"column":0},"end":{"line":12,"column":43}},"12":{"start":{"line":13,"column":0},"end":{"line":13,"column":47}},"13":{"start":{"line":14,"column":0},"end":{"line":14,"column":2}},"14":{"start":{"line":15,"column":0},"end":{"line":15,"column":0}},"15":{"start":{"line":16,"column":0},"end":{"line":16,"column":17}},"16":{"start":{"line":17,"column":0},"end":{"line":17,"column":15}},"17":{"start":{"line":18,"column":0},"end":{"line":18,"column":2}},"18":{"start":{"line":19,"column":0},"end":{"line":19,"column":0}},"19":{"start":{"line":20,"column":0},"end":{"line":20,"column":31}},"20":{"start":{"line":21,"column":0},"end":{"line":21,"column":55}},"21":{"start":{"line":22,"column":0},"end":{"line":22,"column":2}},"22":{"start":{"line":23,"column":0},"end":{"line":23,"column":0}},"23":{"start":{"line":24,"column":0},"end":{"line":24,"column":29}},"24":{"start":{"line":25,"column":0},"end":{"line":25,"column":42}},"25":{"start":{"line":26,"column":0},"end":{"line":26,"column":15}},"26":{"start":{"line":27,"column":0},"end":{"line":27,"column":2}},"27":{"start":{"line":28,"column":0},"end":{"line":28,"column":51}},"28":{"start":{"line":29,"column":0},"end":{"line":29,"column":15}},"29":{"start":{"line":30,"column":0},"end":{"line":30,"column":2}},"30":{"start":{"line":31,"column":0},"end":{"line":31,"column":0}},"31":{"start":{"line":32,"column":0},"end":{"line":32,"column":10}},"32":{"start":{"line":33,"column":0},"end":{"line":33,"column":32}},"33":{"start":{"line":34,"column":0},"end":{"line":34,"column":55}},"34":{"start":{"line":35,"column":0},"end":{"line":35,"column":2}},"35":{"start":{"line":36,"column":0},"end":{"line":36,"column":0}},"36":{"start":{"line":37,"column":0},"end":{"line":37,"column":29}},"37":{"start":{"line":38,"column":0},"end":{"line":38,"column":42}},"38":{"start":{"line":39,"column":0},"end":{"line":39,"column":15}},"39":{"start":{"line":40,"column":0},"end":{"line":40,"column":2}},"40":{"start":{"line":41,"column":0},"end":{"line":41,"column":0}},"41":{"start":{"line":42,"column":0},"end":{"line":42,"column":53}},"42":{"start":{"line":43,"column":0},"end":{"line":43,"column":2}},"43":{"start":{"line":44,"column":0},"end":{"line":44,"column":0}},"44":{"start":{"line":45,"column":0},"end":{"line":45,"column":25}}},"s":{"0":1,"1":6,"2":6,"3":6,"4":6,"5":6,"6":6,"7":3,"8":3,"9":3,"10":3,"11":6,"12":30,"13":30,"14":3,"15":6,"16":1,"17":1,"18":2,"19":6,"20":18,"21":18,"22":2,"23":2,"24":6,"25":2,"26":2,"27":6,"28":0,"29":0,"30":2,"31":2,"32":6,"33":20,"34":20,"35":2,"36":2,"37":6,"38":0,"39":0,"40":2,"41":2,"42":2,"43":1,"44":1},"branchMap":{"0":{"type":"branch","line":1,"loc":{"start":{"line":1,"column":18},"end":{"line":43,"column":2}},"locations":[{"start":{"line":1,"column":18},"end":{"line":43,"column":2}}]},"1":{"type":"branch","line":7,"loc":{"start":{"line":7,"column":24},"end":{"line":12,"column":42}},"locations":[{"start":{"line":7,"column":24},"end":{"line":12,"column":42}}]},"2":{"type":"branch","line":12,"loc":{"start":{"line":12,"column":42},"end":{"line":14,"column":2}},"locations":[{"start":{"line":12,"column":42},"end":{"line":14,"column":2}}]},"3":{"type":"branch","line":13,"loc":{"start":{"line":13,"column":29},"end":{"line":13,"column":47}},"locations":[{"start":{"line":13,"column":29},"end":{"line":13,"column":47}}]},"4":{"type":"branch","line":14,"loc":{"start":{"line":14,"column":1},"end":{"line":16,"column":16}},"locations":[{"start":{"line":14,"column":1},"end":{"line":16,"column":16}}]},"5":{"type":"branch","line":16,"loc":{"start":{"line":16,"column":16},"end":{"line":18,"column":2}},"locations":[{"start":{"line":16,"column":16},"end":{"line":18,"column":2}}]},"6":{"type":"branch","line":18,"loc":{"start":{"line":18,"column":1},"end":{"line":20,"column":30}},"locations":[{"start":{"line":18,"column":1},"end":{"line":20,"column":30}}]},"7":{"type":"branch","line":20,"loc":{"start":{"line":20,"column":30},"end":{"line":22,"column":2}},"locations":[{"start":{"line":20,"column":30},"end":{"line":22,"column":2}}]},"8":{"type":"branch","line":22,"loc":{"start":{"line":22,"column":1},"end":{"line":25,"column":24}},"locations":[{"start":{"line":22,"column":1},"end":{"line":25,"column":24}}]},"9":{"type":"branch","line":25,"loc":{"start":{"line":25,"column":20},"end":{"line":25,"column":39}},"locations":[{"start":{"line":25,"column":20},"end":{"line":25,"column":39}}]},"10":{"type":"branch","line":25,"loc":{"start":{"line":25,"column":41},"end":{"line":28,"column":50}},"locations":[{"start":{"line":25,"column":41},"end":{"line":28,"column":50}}]},"11":{"type":"branch","line":28,"loc":{"start":{"line":28,"column":50},"end":{"line":30,"column":2}},"locations":[{"start":{"line":28,"column":50},"end":{"line":30,"column":2}}]},"12":{"type":"branch","line":30,"loc":{"start":{"line":30,"column":1},"end":{"line":33,"column":31}},"locations":[{"start":{"line":30,"column":1},"end":{"line":33,"column":31}}]},"13":{"type":"branch","line":33,"loc":{"start":{"line":33,"column":31},"end":{"line":35,"column":2}},"locations":[{"start":{"line":33,"column":31},"end":{"line":35,"column":2}}]},"14":{"type":"branch","line":35,"loc":{"start":{"line":35,"column":1},"end":{"line":38,"column":39}},"locations":[{"start":{"line":35,"column":1},"end":{"line":38,"column":39}}]},"15":{"type":"branch","line":38,"loc":{"start":{"line":38,"column":41},"end":{"line":40,"column":2}},"locations":[{"start":{"line":38,"column":41},"end":{"line":40,"column":2}}]},"16":{"type":"branch","line":40,"loc":{"start":{"line":40,"column":1},"end":{"line":43,"column":2}},"locations":[{"start":{"line":40,"column":1},"end":{"line":43,"column":2}}]}},"b":{"0":[6],"1":[3],"2":[30],"3":[19],"4":[3],"5":[1],"6":[2],"7":[18],"8":[2],"9":[0],"10":[2],"11":[0],"12":[2],"13":[20],"14":[2],"15":[0],"16":[2]},"fnMap":{"0":{"name":"validaCpf","decl":{"start":{"line":1,"column":18},"end":{"line":43,"column":2}},"loc":{"start":{"line":1,"column":18},"end":{"line":43,"column":2}},"line":1}},"f":{"0":6}}
}
