TN:
SF:app\constants\coresLog.constant.js
FNF:0
FNH:0
DA:1,1
DA:2,1
DA:3,1
DA:4,1
DA:5,1
DA:6,1
DA:7,1
DA:8,1
DA:9,1
DA:10,1
DA:11,1
DA:12,1
DA:13,1
DA:14,1
DA:15,1
DA:16,1
DA:17,1
DA:18,1
DA:19,1
DA:20,1
DA:21,1
DA:22,1
DA:23,1
DA:24,1
DA:25,1
DA:26,1
DA:27,1
DA:28,1
DA:29,1
DA:30,1
DA:31,1
DA:32,1
DA:33,1
DA:34,1
LF:34
LH:34
BRF:0
BRH:0
end_of_record
TN:
SF:app\utils\consoleError.util.js
FN:3,consoleError
FNF:1
FNH:1
FNDA:2,consoleError
DA:1,1
DA:2,1
DA:3,1
DA:4,2
DA:5,1
DA:6,1
DA:7,1
DA:8,1
DA:9,2
DA:10,1
DA:11,1
LF:11
LH:11
BRDA:3,0,0,2
BRDA:4,1,0,1
BRF:2
BRH:2
end_of_record
TN:
SF:app\utils\cpf.util.js
FN:1,validaCpf
FNF:1
FNH:1
FNDA:6,validaCpf
DA:1,1
DA:2,6
DA:3,6
DA:4,6
DA:5,6
DA:6,6
DA:7,6
DA:8,3
DA:9,3
DA:10,3
DA:11,3
DA:12,6
DA:13,30
DA:14,30
DA:15,3
DA:16,6
DA:17,1
DA:18,1
DA:19,2
DA:20,6
DA:21,18
DA:22,18
DA:23,2
DA:24,2
DA:25,6
DA:26,2
DA:27,2
DA:28,2
DA:29,6
DA:30,0
DA:31,0
DA:32,2
DA:33,2
DA:34,6
DA:35,20
DA:36,20
DA:37,2
DA:38,2
DA:39,6
DA:40,0
DA:41,0
DA:42,2
DA:43,2
DA:44,2
DA:45,1
DA:46,1
LF:46
LH:42
BRDA:1,0,0,6
BRDA:7,1,0,3
BRDA:12,2,0,30
BRDA:13,3,0,19
BRDA:14,4,0,3
BRDA:16,5,0,1
BRDA:18,6,0,2
BRDA:20,7,0,18
BRDA:22,8,0,2
BRDA:25,9,0,0
BRDA:25,10,0,2
BRDA:29,11,0,0
BRDA:31,12,0,2
BRDA:34,13,0,20
BRDA:36,14,0,2
BRDA:39,15,0,0
BRDA:41,16,0,2
BRF:17
BRH:14
end_of_record
TN:
SF:app\utils\data.util.js
FN:3,dataParaString
FN:5,dataParaStringConsole
FN:8,stringParaData
FNF:3
FNH:3
FNDA:1,dataParaString
FNDA:1,dataParaStringConsole
FNDA:1,stringParaData
DA:1,1
DA:2,1
DA:3,1
DA:4,1
DA:5,1
DA:6,1
DA:7,1
DA:8,1
DA:9,1
DA:10,1
DA:11,1
DA:12,1
DA:13,1
DA:14,1
DA:15,1
DA:16,1
LF:16
LH:16
BRDA:3,0,0,1
BRDA:5,1,0,1
BRDA:8,2,0,1
BRF:3
BRH:3
end_of_record
