TN:
SF:app\config\config.js
FNF:0
FNH:0
DA:1,1
DA:2,1
DA:3,1
DA:4,0
DA:5,1
DA:6,1
DA:7,1
DA:8,1
DA:9,1
DA:10,1
DA:11,1
DA:12,1
DA:13,1
DA:14,1
DA:15,1
DA:16,1
DA:17,1
DA:18,1
DA:19,1
DA:20,1
DA:21,1
DA:22,1
DA:23,1
DA:24,1
DA:25,1
DA:26,1
DA:27,1
DA:28,1
DA:29,1
DA:30,1
DA:31,1
DA:32,1
DA:33,1
DA:34,1
DA:35,1
DA:36,1
DA:37,1
DA:38,1
DA:39,1
DA:40,1
DA:41,1
DA:42,1
DA:43,1
DA:44,1
DA:45,1
DA:46,1
DA:47,1
DA:48,1
DA:49,1
DA:50,1
DA:51,1
DA:52,1
DA:53,1
DA:54,1
DA:55,1
DA:56,1
DA:57,1
DA:58,1
DA:59,1
DA:60,1
DA:61,1
DA:62,1
DA:63,1
DA:64,1
DA:65,1
DA:66,1
DA:67,1
DA:68,1
LF:68
LH:67
BRDA:3,0,0,0
BRF:1
BRH:0
end_of_record
TN:
SF:app\constants\coresLog.constant.js
FNF:0
FNH:0
DA:1,1
DA:2,1
DA:3,1
DA:4,1
DA:5,1
DA:6,1
DA:7,1
DA:8,1
DA:9,1
DA:10,1
DA:11,1
DA:12,1
DA:13,1
DA:14,1
DA:15,1
DA:16,1
DA:17,1
DA:18,1
DA:19,1
DA:20,1
DA:21,1
DA:22,1
DA:23,1
DA:24,1
DA:25,1
DA:26,1
DA:27,1
DA:28,1
DA:29,1
DA:30,1
DA:31,1
DA:32,1
DA:33,1
DA:34,1
LF:34
LH:34
BRF:0
BRH:0
end_of_record
TN:
SF:app\constants\listas.constant.js
FNF:0
FNH:0
DA:1,1
DA:2,1
DA:3,1
DA:4,1
DA:5,1
DA:6,1
DA:7,1
DA:8,1
DA:9,1
DA:10,1
DA:11,1
DA:12,1
DA:13,1
DA:14,1
DA:15,1
DA:16,1
DA:17,1
DA:18,1
DA:19,1
DA:20,1
DA:21,1
DA:22,1
LF:22
LH:22
BRF:0
BRH:0
end_of_record
TN:
SF:app\constants\mensagens.constant.js
FNF:0
FNH:0
DA:1,1
DA:2,1
DA:3,1
DA:4,1
DA:5,1
DA:6,1
DA:7,1
DA:8,1
DA:9,1
DA:10,1
DA:11,1
DA:12,1
DA:13,1
DA:14,1
DA:15,1
DA:16,1
DA:17,1
DA:18,1
DA:19,1
DA:20,1
DA:21,1
DA:22,1
DA:23,1
DA:24,1
DA:25,1
DA:26,1
DA:27,1
DA:28,1
DA:29,1
DA:30,1
DA:31,1
DA:32,1
DA:33,1
DA:34,1
DA:35,1
DA:36,1
DA:37,1
DA:38,1
DA:39,1
DA:40,1
DA:41,1
DA:42,1
DA:43,1
DA:44,1
DA:45,1
DA:46,1
DA:47,1
LF:47
LH:47
BRF:0
BRH:0
end_of_record
TN:
SF:app\errors\customError.error.js
FN:4,CustomError
FNF:1
FNH:1
FNDA:19,CustomError
DA:1,1
DA:2,1
DA:3,1
DA:4,1
DA:5,19
DA:6,19
DA:7,19
DA:8,19
DA:9,19
DA:10,19
DA:11,19
DA:12,19
DA:13,19
DA:14,19
DA:15,19
DA:16,19
DA:17,1
LF:17
LH:17
BRDA:3,0,0,1
BRDA:4,1,0,19
BRDA:4,2,0,0
BRDA:4,3,0,0
BRF:4
BRH:2
end_of_record
TN:
SF:app\models\apresentacao.model.js
FN:1,apresentacao
FNF:1
FNH:1
FNDA:1,apresentacao
DA:1,1
DA:2,1
DA:3,1
DA:4,1
DA:5,1
DA:6,1
DA:7,1
DA:8,1
DA:9,1
DA:10,1
DA:11,1
DA:12,1
DA:13,1
DA:14,1
DA:15,1
DA:16,1
DA:17,1
DA:18,1
DA:19,1
DA:20,1
DA:21,1
DA:22,1
DA:23,1
DA:24,1
DA:25,1
DA:26,1
DA:27,1
DA:28,1
DA:29,1
DA:30,1
DA:31,1
DA:32,1
DA:33,1
DA:34,1
DA:35,1
DA:36,1
DA:37,1
LF:37
LH:37
BRDA:1,0,0,1
BRF:1
BRH:1
end_of_record
TN:
SF:app\models\cargo.model.js
FN:1,cargo
FNF:1
FNH:1
FNDA:1,cargo
DA:1,1
DA:2,1
DA:3,1
DA:4,1
DA:5,1
DA:6,1
DA:7,1
DA:8,1
DA:9,1
DA:10,1
DA:11,1
DA:12,1
DA:13,1
DA:14,1
DA:15,1
DA:16,1
DA:17,1
DA:18,1
DA:19,1
LF:19
LH:19
BRDA:1,0,0,1
BRF:1
BRH:1
end_of_record
TN:
SF:app\models\categoria.model.js
FN:1,categoria
FNF:1
FNH:1
FNDA:1,categoria
DA:1,1
DA:2,1
DA:3,1
DA:4,1
DA:5,1
DA:6,1
DA:7,1
DA:8,1
DA:9,1
DA:10,1
DA:11,1
DA:12,1
DA:13,1
DA:14,1
DA:15,1
DA:16,1
DA:17,1
DA:18,1
DA:19,1
LF:19
LH:19
BRDA:1,0,0,1
BRF:1
BRH:1
end_of_record
TN:
SF:app\models\competidor.model.js
FN:1,competidor
FNF:1
FNH:1
FNDA:1,competidor
DA:1,1
DA:2,1
DA:3,1
DA:4,1
DA:5,1
DA:6,1
DA:7,1
DA:8,1
DA:9,1
DA:10,1
DA:11,1
DA:12,1
DA:13,1
DA:14,1
DA:15,1
DA:16,1
DA:17,1
DA:18,1
DA:19,1
DA:20,1
DA:21,1
DA:22,1
DA:23,1
DA:24,1
DA:25,1
DA:26,1
DA:27,1
DA:28,1
DA:29,1
DA:30,1
DA:31,1
DA:32,1
DA:33,1
DA:34,1
DA:35,1
DA:36,1
DA:37,1
DA:38,1
DA:39,1
DA:40,1
DA:41,1
DA:42,1
DA:43,1
DA:44,1
DA:45,1
DA:46,1
DA:47,1
DA:48,1
DA:49,1
DA:50,1
DA:51,1
DA:52,1
DA:53,1
DA:54,1
DA:55,1
LF:55
LH:55
BRDA:1,0,0,1
BRF:1
BRH:1
end_of_record
TN:
SF:app\models\concurso.model.js
FN:1,concurso
FNF:1
FNH:1
FNDA:1,concurso
DA:1,1
DA:2,1
DA:3,1
DA:4,1
DA:5,1
DA:6,1
DA:7,1
DA:8,1
DA:9,1
DA:10,1
DA:11,1
DA:12,1
DA:13,1
DA:14,1
DA:15,1
DA:16,1
DA:17,1
DA:18,1
DA:19,1
DA:20,1
DA:21,1
DA:22,1
DA:23,1
DA:24,1
DA:25,1
DA:26,1
DA:27,1
DA:28,1
DA:29,1
DA:30,1
DA:31,1
DA:32,1
DA:33,1
DA:34,1
DA:35,1
DA:36,1
DA:37,1
DA:38,1
DA:39,1
DA:40,1
DA:41,1
DA:42,1
DA:43,1
DA:44,1
DA:45,1
DA:46,1
DA:47,1
DA:48,1
DA:49,1
DA:50,1
DA:51,1
DA:52,1
DA:53,1
DA:54,1
DA:55,1
DA:56,1
LF:56
LH:56
BRDA:1,0,0,1
BRF:1
BRH:1
end_of_record
TN:
SF:app\models\cosp_circ.model.js
FN:1,cospCirc
FNF:1
FNH:1
FNDA:1,cospCirc
DA:1,1
DA:2,1
DA:3,1
DA:4,1
DA:5,1
DA:6,1
DA:7,1
DA:8,1
DA:9,1
DA:10,1
DA:11,1
DA:12,1
DA:13,1
DA:14,1
DA:15,1
DA:16,1
DA:17,1
DA:18,1
DA:19,1
DA:20,1
DA:21,1
DA:22,1
DA:23,1
DA:24,1
DA:25,1
DA:26,1
DA:27,1
DA:28,1
DA:29,1
DA:30,1
DA:31,1
DA:32,1
LF:32
LH:32
BRDA:1,0,0,1
BRF:1
BRH:1
end_of_record
TN:
SF:app\models\cosp_desf.model.js
FN:1,cospDesf
FNF:1
FNH:1
FNDA:1,cospDesf
DA:1,1
DA:2,1
DA:3,1
DA:4,1
DA:5,1
DA:6,1
DA:7,1
DA:8,1
DA:9,1
DA:10,1
DA:11,1
DA:12,1
DA:13,1
DA:14,1
DA:15,1
DA:16,1
DA:17,1
DA:18,1
DA:19,1
DA:20,1
DA:21,1
DA:22,1
DA:23,1
DA:24,1
DA:25,1
LF:25
LH:25
BRDA:1,0,0,1
BRF:1
BRH:1
end_of_record
TN:
SF:app\models\db.model.js
FNF:0
FNH:0
DA:1,1
DA:2,1
DA:3,1
DA:4,1
DA:5,1
DA:6,1
DA:7,1
DA:8,1
DA:9,1
DA:10,1
DA:11,1
DA:12,1
DA:13,1
DA:14,1
DA:15,1
DA:16,1
DA:17,1
DA:18,1
DA:19,1
DA:20,1
DA:21,1
DA:22,1
DA:23,1
DA:24,1
DA:25,1
DA:26,1
DA:27,1
DA:28,1
DA:29,1
DA:30,1
DA:31,1
DA:32,1
DA:33,1
DA:34,1
DA:35,1
DA:36,1
DA:37,1
DA:38,1
DA:39,1
DA:40,1
DA:41,1
DA:42,1
DA:43,1
DA:44,1
DA:45,1
DA:46,1
DA:47,1
DA:48,1
DA:49,1
DA:50,1
DA:51,1
DA:52,1
DA:53,1
DA:54,1
DA:55,1
DA:56,1
DA:57,1
DA:58,1
DA:59,1
DA:60,1
DA:61,1
DA:62,1
DA:63,1
DA:64,1
DA:65,1
DA:66,1
DA:67,1
DA:68,1
DA:69,1
DA:70,1
DA:71,1
DA:72,1
DA:73,1
DA:74,1
DA:75,1
DA:76,1
DA:77,1
DA:78,1
DA:79,1
DA:80,1
DA:81,1
DA:82,1
DA:83,1
DA:84,1
DA:85,1
DA:86,1
DA:87,1
DA:88,1
DA:89,1
DA:90,1
DA:91,1
DA:92,1
DA:93,1
DA:94,1
DA:95,1
DA:96,1
DA:97,1
DA:98,1
DA:99,1
DA:100,1
DA:101,1
DA:102,1
DA:103,1
DA:104,1
DA:105,1
DA:106,1
DA:107,1
DA:108,1
DA:109,1
DA:110,1
DA:111,1
DA:112,1
DA:113,1
DA:114,1
DA:115,1
DA:116,1
DA:117,1
DA:118,1
DA:119,1
DA:120,1
DA:121,1
DA:122,1
DA:123,1
DA:124,1
DA:125,1
DA:126,1
DA:127,1
DA:128,1
DA:129,1
DA:130,1
DA:131,1
DA:132,1
DA:133,1
DA:134,1
DA:135,1
DA:136,1
DA:137,1
DA:138,1
DA:139,1
DA:140,1
DA:141,1
DA:142,1
DA:143,1
DA:144,1
DA:145,1
DA:146,1
DA:147,1
DA:148,1
DA:149,1
DA:150,1
DA:151,1
DA:152,1
DA:153,1
DA:154,1
DA:155,1
DA:156,1
DA:157,1
DA:158,1
DA:159,1
DA:160,1
DA:161,1
DA:162,1
DA:163,1
DA:164,1
DA:165,1
DA:166,1
DA:167,1
DA:168,1
DA:169,1
DA:170,1
DA:171,1
DA:172,1
DA:173,1
DA:174,1
DA:175,1
DA:176,1
DA:177,1
DA:178,1
DA:179,1
DA:180,1
DA:181,1
DA:182,1
DA:183,1
DA:184,1
DA:185,1
DA:186,1
DA:187,1
DA:188,1
DA:189,1
DA:190,1
DA:191,1
DA:192,1
DA:193,1
DA:194,1
DA:195,1
DA:196,1
DA:197,1
DA:198,1
DA:199,1
DA:200,1
DA:201,1
DA:202,1
DA:203,1
DA:204,1
DA:205,1
DA:206,1
DA:207,1
DA:208,1
DA:209,1
DA:210,1
DA:211,1
DA:212,1
DA:213,1
DA:214,1
DA:215,1
DA:216,1
DA:217,1
DA:218,1
DA:219,1
DA:220,1
DA:221,1
DA:222,1
DA:223,1
DA:224,1
DA:225,1
DA:226,1
DA:227,1
DA:228,1
DA:229,1
DA:230,1
DA:231,1
DA:232,1
DA:233,1
LF:233
LH:233
BRF:0
BRH:0
end_of_record
TN:
SF:app\models\emailToken.model.js
FN:1,emailToken
FNF:1
FNH:1
FNDA:1,emailToken
DA:1,1
DA:2,1
DA:3,1
DA:4,1
DA:5,1
DA:6,1
DA:7,1
DA:8,1
DA:9,1
DA:10,1
DA:11,1
DA:12,1
DA:13,1
DA:14,1
DA:15,1
DA:16,1
DA:17,1
DA:18,1
DA:19,1
DA:20,1
DA:21,1
LF:21
LH:21
BRDA:1,0,0,1
BRF:1
BRH:1
end_of_record
TN:
SF:app\models\estilo.model.js
FN:1,estilo
FNF:1
FNH:1
FNDA:1,estilo
DA:1,1
DA:2,1
DA:3,1
DA:4,1
DA:5,1
DA:6,1
DA:7,1
DA:8,1
DA:9,1
DA:10,1
DA:11,1
DA:12,1
DA:13,1
DA:14,1
DA:15,1
DA:16,1
DA:17,1
DA:18,1
DA:19,1
LF:19
LH:19
BRDA:1,0,0,1
BRF:1
BRH:1
end_of_record
TN:
SF:app\models\evento.model.js
FN:3,evento
FN:40,beforeDestroy
FN:47,afterCreate
FNF:3
FNH:1
FNDA:1,evento
FNDA:0,beforeDestroy
FNDA:0,afterCreate
DA:1,1
DA:2,1
DA:3,1
DA:4,1
DA:5,1
DA:6,1
DA:7,1
DA:8,1
DA:9,1
DA:10,1
DA:11,1
DA:12,1
DA:13,1
DA:14,1
DA:15,1
DA:16,1
DA:17,1
DA:18,1
DA:19,1
DA:20,1
DA:21,1
DA:22,1
DA:23,1
DA:24,1
DA:25,1
DA:26,1
DA:27,1
DA:28,1
DA:29,1
DA:30,1
DA:31,1
DA:32,1
DA:33,1
DA:34,1
DA:35,1
DA:36,1
DA:37,1
DA:38,1
DA:39,1
DA:40,1
DA:41,0
DA:42,0
DA:43,0
DA:44,0
DA:45,0
DA:46,1
DA:47,1
DA:48,0
DA:49,0
DA:50,0
DA:51,0
DA:52,0
DA:53,0
DA:54,0
DA:55,0
DA:56,0
DA:57,0
DA:58,0
DA:59,0
DA:60,0
DA:61,0
DA:62,0
DA:63,1
DA:64,1
DA:65,1
DA:66,1
DA:67,1
DA:68,1
LF:68
LH:48
BRDA:3,0,0,1
BRF:1
BRH:1
end_of_record
TN:
SF:app\models\kpop_circ.model.js
FN:1,kpopCirc
FNF:1
FNH:1
FNDA:1,kpopCirc
DA:1,1
DA:2,1
DA:3,1
DA:4,1
DA:5,1
DA:6,1
DA:7,1
DA:8,1
DA:9,1
DA:10,1
DA:11,1
DA:12,1
DA:13,1
DA:14,1
DA:15,1
DA:16,1
DA:17,1
DA:18,1
DA:19,1
DA:20,1
DA:21,1
DA:22,1
DA:23,1
DA:24,1
DA:25,1
DA:26,1
DA:27,1
DA:28,1
DA:29,1
DA:30,1
LF:30
LH:30
BRDA:1,0,0,1
BRF:1
BRH:1
end_of_record
TN:
SF:app\models\kpop_solo.model.js
FN:1,kpopSolo
FNF:1
FNH:1
FNDA:1,kpopSolo
DA:1,1
DA:2,1
DA:3,1
DA:4,1
DA:5,1
DA:6,1
DA:7,1
DA:8,1
DA:9,1
DA:10,1
DA:11,1
DA:12,1
DA:13,1
DA:14,1
DA:15,1
DA:16,1
DA:17,1
DA:18,1
DA:19,1
DA:20,1
DA:21,1
DA:22,1
DA:23,1
DA:24,1
DA:25,1
DA:26,1
DA:27,1
DA:28,1
DA:29,1
DA:30,1
DA:31,1
DA:32,1
LF:32
LH:32
BRDA:1,0,0,1
BRF:1
BRH:1
end_of_record
TN:
SF:app\models\modalidade.model.js
FN:1,modalidade
FNF:1
FNH:1
FNDA:1,modalidade
DA:1,1
DA:2,1
DA:3,1
DA:4,1
DA:5,1
DA:6,1
DA:7,1
DA:8,1
DA:9,1
DA:10,1
DA:11,1
DA:12,1
DA:13,1
DA:14,1
DA:15,1
DA:16,1
DA:17,1
DA:18,1
DA:19,1
LF:19
LH:19
BRDA:1,0,0,1
BRF:1
BRH:1
end_of_record
TN:
SF:app\models\nota.model.js
FN:1,nota
FNF:1
FNH:1
FNDA:1,nota
DA:1,1
DA:2,1
DA:3,1
DA:4,1
DA:5,1
DA:6,1
DA:7,1
DA:8,1
DA:9,1
DA:10,1
DA:11,1
DA:12,1
DA:13,1
DA:14,1
DA:15,1
DA:16,1
DA:17,1
DA:18,1
DA:19,1
DA:20,1
DA:21,1
DA:22,1
DA:23,1
DA:24,1
DA:25,1
DA:26,1
DA:27,1
DA:28,1
DA:29,1
DA:30,1
DA:31,1
DA:32,1
DA:33,1
DA:34,1
DA:35,1
DA:36,1
DA:37,1
DA:38,1
DA:39,1
DA:40,1
DA:41,1
DA:42,1
DA:43,1
DA:44,1
LF:44
LH:44
BRDA:1,0,0,1
BRF:1
BRH:1
end_of_record
TN:
SF:app\models\participacao.model.js
FN:1,participacao
FNF:1
FNH:1
FNDA:1,participacao
DA:1,1
DA:2,1
DA:3,1
DA:4,1
DA:5,1
DA:6,1
DA:7,1
DA:8,1
DA:9,1
DA:10,1
DA:11,1
DA:12,1
DA:13,1
DA:14,1
DA:15,1
DA:16,1
DA:17,1
DA:18,1
DA:19,1
DA:20,1
DA:21,1
DA:22,1
DA:23,1
DA:24,1
DA:25,1
DA:26,1
DA:27,1
DA:28,1
DA:29,1
DA:30,1
DA:31,1
DA:32,1
DA:33,1
DA:34,1
DA:35,1
DA:36,1
DA:37,1
DA:38,1
DA:39,1
DA:40,1
DA:41,1
DA:42,1
DA:43,1
DA:44,1
DA:45,1
DA:46,1
DA:47,1
DA:48,1
DA:49,1
DA:50,1
DA:51,1
DA:52,1
DA:53,1
DA:54,1
DA:55,1
DA:56,1
DA:57,1
DA:58,1
LF:58
LH:58
BRDA:1,0,0,1
BRF:1
BRH:1
end_of_record
TN:
SF:app\models\refreshToken.model.js
FN:1,refreshToken
FNF:1
FNH:1
FNDA:1,refreshToken
DA:1,1
DA:2,1
DA:3,1
DA:4,1
DA:5,1
DA:6,1
DA:7,1
DA:8,1
DA:9,1
DA:10,1
DA:11,1
DA:12,1
DA:13,1
DA:14,1
DA:15,1
DA:16,1
DA:17,1
DA:18,1
DA:19,1
DA:20,1
LF:20
LH:20
BRDA:1,0,0,1
BRF:1
BRH:1
end_of_record
TN:
SF:app\models\usuario.model.js
FN:1,usuario
FN:31,beforeDestroy
FNF:2
FNH:1
FNDA:1,usuario
FNDA:0,beforeDestroy
DA:1,1
DA:2,1
DA:3,1
DA:4,1
DA:5,1
DA:6,1
DA:7,1
DA:8,1
DA:9,1
DA:10,1
DA:11,1
DA:12,1
DA:13,1
DA:14,1
DA:15,1
DA:16,1
DA:17,1
DA:18,1
DA:19,1
DA:20,1
DA:21,1
DA:22,1
DA:23,1
DA:24,1
DA:25,1
DA:26,1
DA:27,1
DA:28,1
DA:29,1
DA:30,1
DA:31,1
DA:32,0
DA:33,0
DA:34,0
DA:35,0
DA:36,0
DA:37,0
DA:38,1
DA:39,1
DA:40,1
DA:41,1
DA:42,1
DA:43,1
LF:43
LH:37
BRDA:1,0,0,1
BRF:1
BRH:1
end_of_record
TN:
SF:app\repositories\base.repository.js
FN:2,_regeneratorRuntime
FN:2,o
FN:2,define
FN:2,define
FN:2,wrap
FN:2,tryCatch
FN:2,Generator
FN:2,GeneratorFunction
FN:2,GeneratorFunctionPrototype
FN:2,defineIteratorMethods
FN:2,AsyncIterator
FN:2,makeInvokeMethod
FN:2,maybeInvokeDelegate
FN:2,pushTryEntry
FN:2,resetTryEntry
FN:2,Context
FN:2,values
FN:2,next
FN:2,e.isGeneratorFunction
FN:2,e.mark
FN:2,e.awrap
FN:2,e.async
FN:2,e.keys
FN:2,reset
FN:2,stop
FN:2,dispatchException
FN:2,handle
FN:2,abrupt
FN:2,complete
FN:2,finish
FN:2,_catch
FN:2,delegateYield
FN:2,asyncGeneratorStep
FN:2,_asyncToGenerator
FN:2,_next
FN:2,_throw
FN:2,_classCallCheck
FN:2,_defineProperties
FN:2,_createClass
FN:2,_toPropertyKey
FN:2,_toPrimitive
FN:5,BaseRepository
FN:9,_callee
FN:9,_callee$
FN:20,_callee2
FN:20,_callee2$
FN:29,_callee3
FN:29,_callee3$
FN:40,_callee4
FN:40,_callee4$
FN:53,_callee5
FN:53,_callee5$
FN:66,_callee6
FN:66,_callee6$
FN:75,pegarNomeModel
FNF:55
FNH:41
FNDA:25,_regeneratorRuntime
FNDA:0,o
FNDA:13,define
FNDA:0,define
FNDA:20,wrap
FNDA:66,tryCatch
FNDA:0,Generator
FNDA:0,GeneratorFunction
FNDA:0,GeneratorFunctionPrototype
FNDA:2,defineIteratorMethods
FNDA:0,AsyncIterator
FNDA:20,makeInvokeMethod
FNDA:0,maybeInvokeDelegate
FNDA:20,pushTryEntry
FNDA:48,resetTryEntry
FNDA:20,Context
FNDA:1,values
FNDA:0,next
FNDA:0,e.isGeneratorFunction
FNDA:6,e.mark
FNDA:0,e.awrap
FNDA:0,e.async
FNDA:0,e.keys
FNDA:20,reset
FNDA:20,stop
FNDA:24,dispatchException
FNDA:16,handle
FNDA:24,abrupt
FNDA:24,complete
FNDA:0,finish
FNDA:8,_catch
FNDA:0,delegateYield
FNDA:44,asyncGeneratorStep
FNDA:6,_asyncToGenerator
FNDA:38,_next
FNDA:6,_throw
FNDA:15,_classCallCheck
FNDA:1,_defineProperties
FNDA:1,_createClass
FNDA:7,_toPropertyKey
FNDA:7,_toPrimitive
FNDA:15,BaseRepository
FNDA:2,_callee
FNDA:6,_callee$
FNDA:2,_callee2
FNDA:6,_callee2$
FNDA:8,_callee3
FNDA:24,_callee3$
FNDA:3,_callee4
FNDA:12,_callee4$
FNDA:3,_callee5
FNDA:12,_callee5$
FNDA:2,_callee6
FNDA:6,_callee6$
FNDA:1,pegarNomeModel
DA:1,1
DA:2,0
DA:3,1
DA:4,1
DA:5,1
DA:6,15
DA:7,15
DA:8,1
DA:9,1
DA:10,2
DA:11,2
DA:12,1
DA:13,2
DA:14,1
DA:15,1
DA:16,1
DA:17,1
DA:18,1
DA:19,1
DA:20,1
DA:21,2
DA:22,2
DA:23,1
DA:24,1
DA:25,1
DA:26,1
DA:27,1
DA:28,1
DA:29,1
DA:30,8
DA:31,8
DA:32,7
DA:33,7
DA:34,1
DA:35,1
DA:36,1
DA:37,1
DA:38,1
DA:39,1
DA:40,1
DA:41,3
DA:42,3
DA:43,3
DA:44,3
DA:45,1
DA:46,3
DA:47,2
DA:48,2
DA:49,1
DA:50,1
DA:51,1
DA:52,1
DA:53,1
DA:54,3
DA:55,3
DA:56,3
DA:57,3
DA:58,1
DA:59,3
DA:60,2
DA:61,2
DA:62,1
DA:63,1
DA:64,1
DA:65,1
DA:66,1
DA:67,2
DA:68,2
DA:69,1
DA:70,1
DA:71,1
DA:72,1
DA:73,1
DA:74,1
DA:75,1
DA:76,1
DA:77,1
DA:78,1
DA:79,1
LF:79
LH:78
BRDA:2,0,0,0
BRDA:2,1,0,0
BRDA:2,2,0,0
BRDA:2,3,0,0
BRDA:2,4,0,0
BRDA:2,5,0,0
BRDA:2,6,0,25
BRDA:2,7,0,13
BRDA:2,8,0,20
BRDA:2,9,0,0
BRDA:2,10,0,0
BRDA:2,11,0,66
BRDA:2,12,0,18
BRDA:2,13,0,2
BRDA:2,14,0,6
BRDA:2,15,0,44
BRDA:2,16,0,20
BRDA:2,17,0,44
BRDA:2,18,0,0
BRDA:2,19,0,0
BRDA:2,20,0,74
BRDA:2,21,0,0
BRDA:2,22,0,38
BRDA:2,23,0,36
BRDA:2,24,0,24
BRDA:2,25,0,0
BRDA:2,26,0,12
BRDA:2,27,0,66
BRDA:2,28,0,48
BRDA:2,29,0,12
BRDA:2,30,0,36
BRDA:2,31,0,12
BRDA:2,32,0,36
BRDA:2,33,0,18
BRDA:2,34,0,20
BRDA:2,35,0,0
BRDA:2,36,0,48
BRDA:2,37,0,40
BRDA:2,38,0,20
BRDA:2,39,0,1
BRDA:2,40,0,0
BRDA:2,41,0,0
BRDA:2,42,0,0
BRDA:2,43,0,6
BRDA:2,44,0,0
BRDA:2,45,0,20
BRDA:2,46,0,0
BRDA:2,47,0,20
BRDA:2,48,0,8
BRDA:2,49,0,12
BRDA:2,50,0,24
BRDA:2,51,0,8
BRDA:2,52,0,16
BRDA:2,53,0,8
BRDA:2,54,0,16
BRDA:2,55,0,0
BRDA:2,56,0,8
BRDA:2,57,0,0
BRDA:2,58,0,16
BRDA:2,59,0,8
BRDA:2,60,0,24
BRDA:2,61,0,48
BRDA:2,62,0,24
BRDA:2,63,0,0
BRDA:2,64,0,0
BRDA:2,65,0,0
BRDA:2,66,0,0
BRDA:2,67,0,0
BRDA:2,68,0,0
BRDA:2,69,0,0
BRDA:2,70,0,0
BRDA:2,71,0,24
BRDA:2,72,0,0
BRDA:2,73,0,0
BRDA:2,74,0,0
BRDA:2,75,0,8
BRDA:2,76,0,0
BRDA:2,77,0,44
BRDA:2,78,0,8
BRDA:2,79,0,36
BRDA:2,80,0,12
BRDA:2,81,0,24
BRDA:2,82,0,6
BRDA:2,83,0,20
BRDA:2,84,0,20
BRDA:2,85,0,38
BRDA:2,86,0,6
BRDA:2,87,0,15
BRDA:2,88,0,0
BRDA:2,89,0,1
BRDA:2,90,0,7
BRDA:2,91,0,1
BRDA:2,92,0,0
BRDA:2,93,0,7
BRDA:2,94,0,0
BRDA:2,95,0,7
BRDA:2,96,0,0
BRDA:2,97,0,0
BRDA:2,98,0,0
BRDA:4,99,0,1
BRDA:5,100,0,15
BRDA:8,101,0,1
BRDA:9,102,0,2
BRDA:9,103,0,6
BRDA:9,104,0,2
BRDA:13,105,0,1
BRDA:13,106,0,1
BRDA:11,107,0,1
BRDA:19,108,0,1
BRDA:20,109,0,2
BRDA:20,110,0,6
BRDA:20,111,0,2
BRDA:22,112,0,1
BRDA:22,113,0,1
BRDA:28,114,0,1
BRDA:29,115,0,8
BRDA:29,116,0,24
BRDA:29,117,0,8
BRDA:31,118,0,7
BRDA:33,119,0,1
BRDA:39,120,0,1
BRDA:40,121,0,3
BRDA:40,122,0,12
BRDA:40,123,0,3
BRDA:42,124,0,3
BRDA:46,125,0,1
BRDA:46,126,0,2
BRDA:44,127,0,1
BRDA:52,128,0,1
BRDA:53,129,0,3
BRDA:53,130,0,12
BRDA:53,131,0,3
BRDA:55,132,0,3
BRDA:59,133,0,1
BRDA:59,134,0,2
BRDA:57,135,0,1
BRDA:65,136,0,1
BRDA:66,137,0,2
BRDA:66,138,0,6
BRDA:66,139,0,2
BRDA:68,140,0,1
BRDA:68,141,0,1
BRDA:75,142,0,1
BRF:143
BRH:105
end_of_record
TN:
SF:app\repositories\categoria.repository.js
FN:4,CategoriaRepository
FNF:1
FNH:1
FNDA:1,CategoriaRepository
DA:1,1
DA:2,1
DA:3,1
DA:4,1
DA:5,1
DA:6,1
DA:7,1
DA:8,1
LF:8
LH:8
BRDA:3,0,0,1
BRDA:4,1,0,1
BRF:2
BRH:2
end_of_record
TN:
SF:app\repositories\cosp_circ.repository.js
FN:4,CosplayCircuitoRepository
FN:9,selecionaDadosCriar
FNF:2
FNH:1
FNDA:1,CosplayCircuitoRepository
FNDA:0,selecionaDadosCriar
DA:1,1
DA:2,1
DA:3,1
DA:4,1
DA:5,1
DA:6,1
DA:7,1
DA:8,1
DA:9,1
DA:10,0
DA:11,0
DA:12,0
DA:13,0
DA:14,0
DA:15,0
DA:16,0
DA:17,0
DA:18,1
LF:18
LH:10
BRDA:3,0,0,1
BRDA:4,1,0,1
BRF:2
BRH:2
end_of_record
TN:
SF:app\repositories\cosp_desf.repository.js
FN:4,CosplayDesfileRepository
FN:9,selecionaDadosCriar
FNF:2
FNH:1
FNDA:1,CosplayDesfileRepository
FNDA:0,selecionaDadosCriar
DA:1,1
DA:2,1
DA:3,1
DA:4,1
DA:5,1
DA:6,1
DA:7,1
DA:8,1
DA:9,1
DA:10,0
DA:11,0
DA:12,0
DA:13,0
DA:14,0
DA:15,0
DA:16,1
LF:16
LH:10
BRDA:3,0,0,1
BRDA:4,1,0,1
BRF:2
BRH:2
end_of_record
TN:
SF:app\repositories\estilo.repository.js
FN:4,EstiloRepository
FNF:1
FNH:1
FNDA:1,EstiloRepository
DA:1,1
DA:2,1
DA:3,1
DA:4,1
DA:5,1
DA:6,1
DA:7,1
DA:8,1
LF:8
LH:8
BRDA:3,0,0,1
BRDA:4,1,0,1
BRF:2
BRH:2
end_of_record
TN:
SF:app\repositories\evento.repository.js
FN:2,_regeneratorRuntime
FN:2,o
FN:2,define
FN:2,define
FN:2,wrap
FN:2,tryCatch
FN:2,Generator
FN:2,GeneratorFunction
FN:2,GeneratorFunctionPrototype
FN:2,defineIteratorMethods
FN:2,AsyncIterator
FN:2,makeInvokeMethod
FN:2,maybeInvokeDelegate
FN:2,pushTryEntry
FN:2,resetTryEntry
FN:2,Context
FN:2,values
FN:2,next
FN:2,e.isGeneratorFunction
FN:2,e.mark
FN:2,e.awrap
FN:2,e.async
FN:2,e.keys
FN:2,reset
FN:2,stop
FN:2,dispatchException
FN:2,handle
FN:2,abrupt
FN:2,complete
FN:2,finish
FN:2,_catch
FN:2,delegateYield
FN:2,asyncGeneratorStep
FN:2,_asyncToGenerator
FN:2,_next
FN:2,_throw
FN:2,_classCallCheck
FN:2,_defineProperties
FN:2,_createClass
FN:2,_toPropertyKey
FN:2,_toPrimitive
FN:2,_callSuper
FN:2,_possibleConstructorReturn
FN:2,_assertThisInitialized
FN:2,_isNativeReflectConstruct
FN:2,_isNativeReflectConstruct
FN:2,_getPrototypeOf
FN:2,_getPrototypeOf
FN:2,_inherits
FN:2,_setPrototypeOf
FN:2,_setPrototypeOf
FN:5,EventoRepository
FN:10,_callee
FN:10,_callee$
FN:23,_callee2
FN:23,_callee2$
FN:35,_callee3
FN:35,_callee3$
FN:56,idNomeView
FNF:59
FNH:42
FNDA:14,_regeneratorRuntime
FNDA:0,o
FNDA:13,define
FNDA:0,define
FNDA:12,wrap
FNDA:36,tryCatch
FNDA:0,Generator
FNDA:0,GeneratorFunction
FNDA:0,GeneratorFunctionPrototype
FNDA:2,defineIteratorMethods
FNDA:0,AsyncIterator
FNDA:12,makeInvokeMethod
FNDA:0,maybeInvokeDelegate
FNDA:12,pushTryEntry
FNDA:27,resetTryEntry
FNDA:12,Context
FNDA:1,values
FNDA:0,next
FNDA:0,e.isGeneratorFunction
FNDA:3,e.mark
FNDA:0,e.awrap
FNDA:0,e.async
FNDA:0,e.keys
FNDA:12,reset
FNDA:12,stop
FNDA:9,dispatchException
FNDA:6,handle
FNDA:18,abrupt
FNDA:18,complete
FNDA:0,finish
FNDA:3,_catch
FNDA:0,delegateYield
FNDA:24,asyncGeneratorStep
FNDA:3,_asyncToGenerator
FNDA:21,_next
FNDA:3,_throw
FNDA:15,_classCallCheck
FNDA:1,_defineProperties
FNDA:1,_createClass
FNDA:4,_toPropertyKey
FNDA:4,_toPrimitive
FNDA:15,_callSuper
FNDA:15,_possibleConstructorReturn
FNDA:0,_assertThisInitialized
FNDA:1,_isNativeReflectConstruct
FNDA:15,_isNativeReflectConstruct
FNDA:1,_getPrototypeOf
FNDA:0,_getPrototypeOf
FNDA:1,_inherits
FNDA:1,_setPrototypeOf
FNDA:0,_setPrototypeOf
FNDA:15,EventoRepository
FNDA:2,_callee
FNDA:6,_callee$
FNDA:2,_callee2
FNDA:6,_callee2$
FNDA:8,_callee3
FNDA:24,_callee3$
FNDA:2,idNomeView
DA:1,1
DA:2,0
DA:3,1
DA:4,1
DA:5,1
DA:6,15
DA:7,15
DA:8,15
DA:9,1
DA:10,1
DA:11,2
DA:12,2
DA:13,2
DA:14,2
DA:15,2
DA:16,2
DA:17,1
DA:18,1
DA:19,1
DA:20,1
DA:21,1
DA:22,1
DA:23,1
DA:24,2
DA:25,2
DA:26,2
DA:27,2
DA:28,2
DA:29,1
DA:30,1
DA:31,1
DA:32,1
DA:33,1
DA:34,1
DA:35,1
DA:36,8
DA:37,8
DA:38,8
DA:39,8
DA:40,8
DA:41,8
DA:42,8
DA:43,8
DA:44,8
DA:45,8
DA:46,8
DA:47,8
DA:48,8
DA:49,8
DA:50,1
DA:51,1
DA:52,1
DA:53,1
DA:54,1
DA:55,1
DA:56,1
DA:57,2
DA:58,2
DA:59,1
DA:60,1
DA:61,1
DA:62,1
DA:63,1
DA:64,1
DA:65,1
DA:66,1
DA:67,1
DA:68,1
DA:69,2
DA:70,1
LF:70
LH:69
BRDA:2,0,0,0
BRDA:2,1,0,0
BRDA:2,2,0,0
BRDA:2,3,0,0
BRDA:2,4,0,0
BRDA:2,5,0,0
BRDA:2,6,0,14
BRDA:2,7,0,13
BRDA:2,8,0,12
BRDA:2,9,0,0
BRDA:2,10,0,0
BRDA:2,11,0,36
BRDA:2,12,0,6
BRDA:2,13,0,2
BRDA:2,14,0,6
BRDA:2,15,0,24
BRDA:2,16,0,12
BRDA:2,17,0,24
BRDA:2,18,0,0
BRDA:2,19,0,0
BRDA:2,20,0,39
BRDA:2,21,0,0
BRDA:2,22,0,21
BRDA:2,23,0,18
BRDA:2,24,0,9
BRDA:2,25,0,0
BRDA:2,26,0,36
BRDA:2,27,0,30
BRDA:2,28,0,9
BRDA:2,29,0,21
BRDA:2,30,0,9
BRDA:2,31,0,21
BRDA:2,32,0,6
BRDA:2,33,0,12
BRDA:2,34,0,0
BRDA:2,35,0,27
BRDA:2,36,0,24
BRDA:2,37,0,12
BRDA:2,38,0,1
BRDA:2,39,0,0
BRDA:2,40,0,0
BRDA:2,41,0,0
BRDA:2,42,0,3
BRDA:2,43,0,0
BRDA:2,44,0,12
BRDA:2,45,0,0
BRDA:2,46,0,12
BRDA:2,47,0,3
BRDA:2,48,0,9
BRDA:2,49,0,9
BRDA:2,50,0,3
BRDA:2,51,0,6
BRDA:2,52,0,3
BRDA:2,53,0,6
BRDA:2,54,0,0
BRDA:2,55,0,3
BRDA:2,56,0,0
BRDA:2,57,0,6
BRDA:2,58,0,3
BRDA:2,59,0,18
BRDA:2,60,0,36
BRDA:2,61,0,18
BRDA:2,62,0,0
BRDA:2,63,0,0
BRDA:2,64,0,0
BRDA:2,65,0,0
BRDA:2,66,0,0
BRDA:2,67,0,0
BRDA:2,68,0,0
BRDA:2,69,0,0
BRDA:2,70,0,18
BRDA:2,71,0,0
BRDA:2,72,0,0
BRDA:2,73,0,0
BRDA:2,74,0,3
BRDA:2,75,0,0
BRDA:2,76,0,24
BRDA:2,77,0,3
BRDA:2,78,0,21
BRDA:2,79,0,9
BRDA:2,80,0,12
BRDA:2,81,0,3
BRDA:2,82,0,12
BRDA:2,83,0,12
BRDA:2,84,0,21
BRDA:2,85,0,3
BRDA:2,86,0,15
BRDA:2,87,0,0
BRDA:2,88,0,1
BRDA:2,89,0,4
BRDA:2,90,0,1
BRDA:2,91,0,0
BRDA:2,92,0,4
BRDA:2,93,0,0
BRDA:2,94,0,4
BRDA:2,95,0,0
BRDA:2,96,0,0
BRDA:2,97,0,0
BRDA:2,98,0,15
BRDA:2,99,0,0
BRDA:2,100,0,0
BRDA:2,101,0,15
BRDA:2,102,0,0
BRDA:2,103,0,0
BRDA:2,104,0,1
BRDA:2,105,0,0
BRDA:2,106,0,0
BRDA:2,107,0,15
BRDA:2,108,0,1
BRDA:2,109,0,0
BRDA:2,110,0,1
BRDA:2,111,0,0
BRDA:2,112,0,0
BRDA:2,113,0,1
BRDA:2,114,0,0
BRDA:4,115,0,1
BRDA:5,116,0,15
BRDA:9,117,0,1
BRDA:10,118,0,2
BRDA:10,119,0,6
BRDA:10,120,0,2
BRDA:16,121,0,1
BRDA:16,122,0,1
BRDA:22,123,0,1
BRDA:23,124,0,2
BRDA:23,125,0,6
BRDA:23,126,0,2
BRDA:28,127,0,1
BRDA:28,128,0,1
BRDA:34,129,0,1
BRDA:35,130,0,8
BRDA:35,131,0,24
BRDA:35,132,0,8
BRDA:49,133,0,7
BRDA:49,134,0,1
BRDA:56,135,0,2
BRDA:58,136,0,1
BRF:137
BRH:89
end_of_record
TN:
SF:app\repositories\kpop_circ.repository.js
FN:4,KpopCircuitoRepository
FN:9,selecionaDadosCriar
FNF:2
FNH:1
FNDA:1,KpopCircuitoRepository
FNDA:0,selecionaDadosCriar
DA:1,1
DA:2,1
DA:3,1
DA:4,1
DA:5,1
DA:6,1
DA:7,1
DA:8,1
DA:9,1
DA:10,0
DA:11,0
DA:12,0
DA:13,0
DA:14,0
DA:15,0
DA:16,0
DA:17,0
DA:18,1
LF:18
LH:10
BRDA:3,0,0,1
BRDA:4,1,0,1
BRF:2
BRH:2
end_of_record
TN:
SF:app\repositories\kpop_solo.repository.js
FN:4,KpopSoloDuoRepository
FN:9,selecionaDadosCriar
FNF:2
FNH:1
FNDA:1,KpopSoloDuoRepository
FNDA:0,selecionaDadosCriar
DA:1,1
DA:2,1
DA:3,1
DA:4,1
DA:5,1
DA:6,1
DA:7,1
DA:8,1
DA:9,1
DA:10,0
DA:11,0
DA:12,0
DA:13,0
DA:14,0
DA:15,0
DA:16,0
DA:17,0
DA:18,1
LF:18
LH:10
BRDA:3,0,0,1
BRDA:4,1,0,1
BRF:2
BRH:2
end_of_record
TN:
SF:app\repositories\modalidade.repository.js
FN:4,ModalidadeRepository
FNF:1
FNH:1
FNDA:2,ModalidadeRepository
DA:1,1
DA:2,1
DA:3,1
DA:4,1
DA:5,2
DA:6,2
DA:7,2
DA:8,1
LF:8
LH:8
BRDA:3,0,0,1
BRDA:4,1,0,2
BRF:2
BRH:2
end_of_record
TN:
SF:app\utils\consoleError.util.js
FN:3,consoleError
FNF:1
FNH:1
FNDA:2,consoleError
DA:1,1
DA:2,1
DA:3,1
DA:4,2
DA:5,1
DA:6,1
DA:7,1
DA:8,1
DA:9,2
DA:10,1
DA:11,1
LF:11
LH:11
BRDA:3,0,0,2
BRDA:4,1,0,1
BRF:2
BRH:2
end_of_record
TN:
SF:app\utils\cpf.util.js
FN:1,validaCpf
FNF:1
FNH:1
FNDA:6,validaCpf
DA:1,1
DA:2,6
DA:3,6
DA:4,6
DA:5,6
DA:6,6
DA:7,6
DA:8,3
DA:9,3
DA:10,3
DA:11,3
DA:12,6
DA:13,30
DA:14,30
DA:15,3
DA:16,6
DA:17,1
DA:18,1
DA:19,2
DA:20,6
DA:21,18
DA:22,18
DA:23,2
DA:24,2
DA:25,6
DA:26,2
DA:27,2
DA:28,2
DA:29,6
DA:30,0
DA:31,0
DA:32,2
DA:33,2
DA:34,6
DA:35,20
DA:36,20
DA:37,2
DA:38,2
DA:39,6
DA:40,0
DA:41,0
DA:42,2
DA:43,2
DA:44,2
DA:45,1
DA:46,1
LF:46
LH:42
BRDA:1,0,0,6
BRDA:7,1,0,3
BRDA:12,2,0,30
BRDA:13,3,0,19
BRDA:14,4,0,3
BRDA:16,5,0,1
BRDA:18,6,0,2
BRDA:20,7,0,18
BRDA:22,8,0,2
BRDA:25,9,0,0
BRDA:25,10,0,2
BRDA:29,11,0,0
BRDA:31,12,0,2
BRDA:34,13,0,20
BRDA:36,14,0,2
BRDA:39,15,0,0
BRDA:41,16,0,2
BRF:17
BRH:14
end_of_record
TN:
SF:app\utils\data.util.js
FN:3,dataParaString
FN:5,dataParaStringConsole
FN:8,stringParaData
FNF:3
FNH:3
FNDA:1,dataParaString
FNDA:19,dataParaStringConsole
FNDA:1,stringParaData
DA:1,1
DA:2,1
DA:3,1
DA:4,1
DA:5,1
DA:6,19
DA:7,1
DA:8,1
DA:9,1
DA:10,1
DA:11,1
DA:12,1
DA:13,1
DA:14,1
DA:15,1
DA:16,1
LF:16
LH:16
BRDA:3,0,0,1
BRDA:5,1,0,19
BRDA:8,2,0,1
BRF:3
BRH:3
end_of_record
TN:
SF:app\utils\selecionaExtra.util.js
FN:2,asyncGeneratorStep
FN:2,_asyncToGenerator
FN:2,_next
FN:2,_throw
FN:13,_callee
FN:13,_callee$
FNF:6
FNH:5
FNDA:9,asyncGeneratorStep
FNDA:1,_asyncToGenerator
FNDA:9,_next
FNDA:0,_throw
FNDA:5,_callee
FNDA:15,_callee$
DA:1,1
DA:2,0
DA:3,1
DA:4,1
DA:5,1
DA:6,1
DA:7,1
DA:8,1
DA:9,1
DA:10,1
DA:11,1
DA:12,1
DA:13,1
DA:14,5
DA:15,5
DA:16,5
DA:17,4
DA:18,4
DA:19,4
DA:20,1
DA:21,1
DA:22,1
DA:23,1
DA:24,1
DA:25,1
DA:26,1
DA:27,1
DA:28,1
DA:29,1
DA:30,1
DA:31,1
DA:32,1
DA:33,2
DA:34,2
DA:35,2
DA:36,2
DA:37,2
DA:38,2
DA:39,2
DA:40,1
DA:41,1
DA:42,1
DA:43,1
DA:44,1
DA:45,1
DA:46,1
DA:47,1
DA:48,1
DA:49,1
DA:50,1
LF:50
LH:49
BRDA:2,0,0,9
BRDA:2,1,0,1
BRDA:2,2,0,8
BRDA:2,3,0,4
BRDA:2,4,0,1
BRDA:2,5,0,5
BRDA:2,6,0,5
BRDA:2,7,0,9
BRDA:13,8,0,1
BRDA:13,9,0,5
BRDA:13,10,0,15
BRDA:13,11,0,20
BRDA:13,12,0,5
BRDA:16,13,0,1
BRDA:16,14,0,4
BRDA:23,15,0,1
BRDA:23,16,0,3
BRDA:30,17,0,1
BRDA:30,18,0,2
BRDA:34,19,0,0
BRDA:19,20,0,1
BRDA:21,21,0,1
BRDA:26,22,0,1
BRDA:28,23,0,1
BRDA:32,24,0,2
BRDA:37,25,0,2
BRDA:39,26,0,0
BRDA:39,27,0,0
BRDA:39,28,0,1
BRF:29
BRH:26
end_of_record
TN:
SF:app\utils\senha.util.js
FN:3,senhaVerifica
FNF:1
FNH:1
FNDA:9,senhaVerifica
DA:1,1
DA:2,1
DA:3,1
DA:4,9
DA:5,9
DA:6,9
DA:7,9
DA:8,9
DA:9,9
DA:10,9
DA:11,9
DA:12,9
DA:13,9
DA:14,9
DA:15,9
DA:16,9
DA:17,9
DA:18,9
DA:19,9
DA:20,9
DA:21,9
DA:22,9
DA:23,9
DA:24,9
DA:25,9
DA:26,1
DA:27,1
LF:27
LH:27
BRDA:3,0,0,9
BRF:1
BRH:1
end_of_record
TN:
SF:app\utils\verificacao.util.js
FN:7,registroExiste
FN:13,registroVazio
FN:22,senha
FN:28,senhaValida
FN:34,registroDuplicado
FN:40,emailDuplicado
FN:46,faltaParametro
FN:52,cpfValido
FN:58,emailValida
FN:64,vagasInscri
FN:72,vagasEspera
FN:78,aceitouTermos
FN:84,concursoInativo
FN:90,refreshTokenExpirado
FN:94,extraCospCirc
FN:100,extraCospDesf
FN:106,extraKpopCirc
FN:112,extraKpopSolo
FNF:18
FNH:18
FNDA:1,registroExiste
FNDA:1,registroVazio
FNDA:1,senha
FNDA:1,senhaValida
FNDA:2,registroDuplicado
FNDA:2,emailDuplicado
FNDA:1,faltaParametro
FNDA:1,cpfValido
FNDA:1,emailValida
FNDA:3,vagasInscri
FNDA:1,vagasEspera
FNDA:1,aceitouTermos
FNDA:1,concursoInativo
FNDA:1,refreshTokenExpirado
FNDA:1,extraCospCirc
FNDA:1,extraCospDesf
FNDA:1,extraKpopCirc
FNDA:1,extraKpopSolo
DA:1,1
DA:2,1
DA:3,1
DA:4,1
DA:5,1
DA:6,1
DA:7,1
DA:8,1
DA:9,1
DA:10,1
DA:11,1
DA:12,1
DA:13,1
DA:14,1
DA:15,1
DA:16,1
DA:17,1
DA:18,1
DA:19,1
DA:20,1
DA:21,1
DA:22,1
DA:23,1
DA:24,1
DA:25,1
DA:26,1
DA:27,1
DA:28,1
DA:29,1
DA:30,1
DA:31,1
DA:32,1
DA:33,1
DA:34,1
DA:35,2
DA:36,2
DA:37,2
DA:38,2
DA:39,1
DA:40,1
DA:41,2
DA:42,2
DA:43,2
DA:44,2
DA:45,1
DA:46,1
DA:47,1
DA:48,1
DA:49,1
DA:50,1
DA:51,1
DA:52,1
DA:53,1
DA:54,1
DA:55,1
DA:56,1
DA:57,1
DA:58,1
DA:59,1
DA:60,1
DA:61,1
DA:62,1
DA:63,1
DA:64,1
DA:65,3
DA:66,2
DA:67,3
DA:68,1
DA:69,1
DA:70,3
DA:71,1
DA:72,1
DA:73,1
DA:74,1
DA:75,1
DA:76,1
DA:77,1
DA:78,1
DA:79,1
DA:80,1
DA:81,1
DA:82,1
DA:83,1
DA:84,1
DA:85,1
DA:86,1
DA:87,1
DA:88,1
DA:89,1
DA:90,1
DA:91,1
DA:92,1
DA:93,1
DA:94,1
DA:95,1
DA:96,1
DA:97,1
DA:98,1
DA:99,1
DA:100,1
DA:101,1
DA:102,1
DA:103,1
DA:104,1
DA:105,1
DA:106,1
DA:107,1
DA:108,1
DA:109,1
DA:110,1
DA:111,1
DA:112,1
DA:113,1
DA:114,1
DA:115,1
DA:116,1
DA:117,1
DA:118,1
DA:119,1
DA:120,1
DA:121,1
DA:122,1
DA:123,1
DA:124,1
DA:125,1
DA:126,1
DA:127,1
DA:128,1
DA:129,1
DA:130,1
DA:131,1
DA:132,1
DA:133,1
DA:134,1
DA:135,1
DA:136,1
DA:137,1
DA:138,1
DA:139,1
LF:139
LH:139
BRDA:7,0,0,1
BRDA:13,1,0,1
BRDA:22,2,0,1
BRDA:28,3,0,1
BRDA:34,4,0,2
BRDA:40,5,0,2
BRDA:46,6,0,1
BRDA:52,7,0,1
BRDA:58,8,0,1
BRDA:64,9,0,3
BRDA:65,10,0,2
BRDA:67,11,0,1
BRDA:72,12,0,1
BRDA:78,13,0,1
BRDA:84,14,0,1
BRDA:90,15,0,1
BRDA:94,16,0,1
BRDA:95,17,0,0
BRDA:100,18,0,1
BRDA:106,19,0,1
BRDA:107,20,0,0
BRDA:107,21,0,0
BRDA:112,22,0,1
BRDA:113,23,0,0
BRDA:113,24,0,0
BRF:25
BRH:20
end_of_record
